[2026-06-14 05:40:20] SESSION=test01 | EVENT=SESSION_START | App loaded — knowledge base ready
[2026-06-14 05:40:20] SESSION=test01 | EVENT=PRE_QUERY | Q=What documents are needed for a loan?
[2026-06-14 05:40:20] SESSION=test01 | EVENT=POST_ANSWER | STATUS=ANSWERED | POLICY=Loan Policy (LP-001) | TIME=1ms | Q=What documents are needed for a loan?
[2026-06-14 05:40:20] SESSION=test01 | EVENT=PRE_QUERY | Q=Summarize the KYC policy
[2026-06-14 05:40:20] SESSION=test01 | EVENT=POST_ANSWER | STATUS=ANSWERED | POLICY=KYC Policy (KYC-002) | TIME=0ms | Q=Summarize the KYC policy
[2026-06-14 05:40:20] SESSION=test01 | EVENT=PRE_QUERY | Q=I need to escalate a complaint to the manager
[2026-06-14 05:40:20] SESSION=test01 | EVENT=POST_ANSWER | STATUS=ANSWERED | POLICY=Customer Complaint Policy (CCP-003) | TIME=0ms | Q=I need to escalate a complaint to the manager
[2026-06-14 05:40:20] SESSION=test01 | EVENT=PRE_QUERY | Q=What KYC documents do I need for a loan?
[2026-06-14 05:40:20] SESSION=test01 | EVENT=POST_ANSWER | STATUS=ANSWERED | POLICY=KYC Policy (KYC-002) | TIME=1ms | Q=What KYC documents do I need for a loan?
[2026-06-14 05:40:20] SESSION=test01 | EVENT=PRE_QUERY | Q=What is the weather today?
[2026-06-14 05:40:20] SESSION=test01 | EVENT=ESCALATION | Escalated: What is the weather today?
[2026-06-14 05:40:20] SESSION=test01 | EVENT=POST_ANSWER | STATUS=FALLBACK | POLICY=None | TIME=1ms | Q=What is the weather today?
[2026-06-14 05:40:20] SESSION=test01 | EVENT=PRE_QUERY | Q=I want to bypass kyc with fake document
[2026-06-14 05:40:20] SESSION=test01 | EVENT=COMPLIANCE_ALERT | RISK FLAGGED: I want to bypass kyc with fake document
[2026-06-14 05:40:20] SESSION=test01 | EVENT=POST_ANSWER | STATUS=ANSWERED | POLICY=KYC Policy (KYC-002) | TIME=1ms | Q=I want to bypass kyc with fake document
[2026-06-14 05:40:43] SESSION=test02 | EVENT=SESSION_START | App loaded — knowledge base ready
[2026-06-14 05:40:43] SESSION=test02 | EVENT=PRE_QUERY | Q=What documents are needed for a loan?
[2026-06-14 05:40:43] SESSION=test02 | EVENT=POST_ANSWER | STATUS=ANSWERED | POLICY=Loan Policy (LP-001) | TIME=1ms | Q=What documents are needed for a loan?
[2026-06-14 05:40:43] SESSION=test02 | EVENT=PRE_QUERY | Q=Summarize the KYC policy
[2026-06-14 05:40:43] SESSION=test02 | EVENT=POST_ANSWER | STATUS=ANSWERED | POLICY=KYC Policy (KYC-002) | TIME=0ms | Q=Summarize the KYC policy
[2026-06-14 05:40:43] SESSION=test02 | EVENT=PRE_QUERY | Q=I need to escalate a complaint to the manager
[2026-06-14 05:40:43] SESSION=test02 | EVENT=POST_ANSWER | STATUS=ANSWERED | POLICY=Customer Complaint Policy (CCP-003) | TIME=0ms | Q=I need to escalate a complaint to the manager
[2026-06-14 05:40:43] SESSION=test02 | EVENT=PRE_QUERY | Q=What KYC documents do I need for a loan?
[2026-06-14 05:40:43] SESSION=test02 | EVENT=POST_ANSWER | STATUS=ANSWERED | POLICY=KYC Policy (KYC-002) | TIME=1ms | Q=What KYC documents do I need for a loan?
[2026-06-14 05:40:43] SESSION=test02 | EVENT=PRE_QUERY | Q=What is the weather today?
[2026-06-14 05:40:43] SESSION=test02 | EVENT=ESCALATION | Escalated: What is the weather today?
[2026-06-14 05:40:43] SESSION=test02 | EVENT=POST_ANSWER | STATUS=FALLBACK | POLICY=None | TIME=1ms | Q=What is the weather today?
[2026-06-14 05:40:43] SESSION=test02 | EVENT=PRE_QUERY | Q=I want to bypass kyc with fake document
[2026-06-14 05:40:43] SESSION=test02 | EVENT=COMPLIANCE_ALERT | RISK FLAGGED: I want to bypass kyc with fake document
[2026-06-14 05:40:43] SESSION=test02 | EVENT=POST_ANSWER | STATUS=ANSWERED | POLICY=KYC Policy (KYC-002) | TIME=1ms | Q=I want to bypass kyc with fake document
[2026-06-14 05:41:04] SESSION=test03 | EVENT=SESSION_START | App loaded — knowledge base ready
[2026-06-14 05:41:04] SESSION=test03 | EVENT=PRE_QUERY | Q=What documents are needed for a loan?
[2026-06-14 05:41:04] SESSION=test03 | EVENT=POST_ANSWER | STATUS=ANSWERED | POLICY=Loan Policy (LP-001) | TIME=1ms | Q=What documents are needed for a loan?
[2026-06-14 05:41:04] SESSION=test03 | EVENT=PRE_QUERY | Q=Summarize the KYC policy
[2026-06-14 05:41:04] SESSION=test03 | EVENT=POST_ANSWER | STATUS=ANSWERED | POLICY=KYC Policy (KYC-002) | TIME=1ms | Q=Summarize the KYC policy
[2026-06-14 05:41:04] SESSION=test03 | EVENT=PRE_QUERY | Q=I need to escalate a complaint to the manager
[2026-06-14 05:41:04] SESSION=test03 | EVENT=POST_ANSWER | STATUS=ANSWERED | POLICY=Customer Complaint Policy (CCP-003) | TIME=1ms | Q=I need to escalate a complaint to the manager
[2026-06-14 05:41:04] SESSION=test03 | EVENT=PRE_QUERY | Q=What KYC documents do I need for a loan?
[2026-06-14 05:41:04] SESSION=test03 | EVENT=POST_ANSWER | STATUS=ANSWERED | POLICY=KYC Policy (KYC-002) | TIME=1ms | Q=What KYC documents do I need for a loan?
[2026-06-14 05:41:04] SESSION=test03 | EVENT=PRE_QUERY | Q=What is the weather today?
[2026-06-14 05:41:04] SESSION=test03 | EVENT=ESCALATION | Escalated: What is the weather today?
[2026-06-14 05:41:04] SESSION=test03 | EVENT=POST_ANSWER | STATUS=FALLBACK | POLICY=None | TIME=1ms | Q=What is the weather today?
[2026-06-14 05:41:04] SESSION=test03 | EVENT=PRE_QUERY | Q=I want to bypass kyc with fake document
[2026-06-14 05:41:04] SESSION=test03 | EVENT=COMPLIANCE_ALERT | RISK FLAGGED: I want to bypass kyc with fake document
[2026-06-14 05:41:04] SESSION=test03 | EVENT=POST_ANSWER | STATUS=ANSWERED | POLICY=KYC Policy (KYC-002) | TIME=1ms | Q=I want to bypass kyc with fake document
[2026-06-14 05:50:36] SESSION=1b054f8e | EVENT=SESSION_START | App loaded — knowledge base ready
[2026-06-14 06:09:18] SESSION=1b054f8e | EVENT=PRE_QUERY | Q=What is the interest rate for a home loan?
[2026-06-14 06:09:18] SESSION=1b054f8e | EVENT=POST_ANSWER | STATUS=ANSWERED | POLICY=Loan Policy (LP-001) | TIME=5ms | Q=What is the interest rate for a home loan?
[2026-06-14 06:09:20] SESSION=1b054f8e | EVENT=PRE_QUERY | Q=What is the minimum balance for a savings account?
[2026-06-14 06:09:20] SESSION=1b054f8e | EVENT=POST_ANSWER | STATUS=ANSWERED | POLICY=Account Opening Policy (AOP-005) | TIME=3ms | Q=What is the minimum balance for a savings account?
[2026-06-14 06:09:22] SESSION=1b054f8e | EVENT=PRE_QUERY | Q=How do I file a customer complaint?
[2026-06-14 06:09:22] SESSION=1b054f8e | EVENT=POST_ANSWER | STATUS=ANSWERED | POLICY=Customer Complaint Policy (CCP-003) | TIME=2ms | Q=How do I file a customer complaint?
[2026-06-14 06:29:49] SESSION=1b054f8e | EVENT=PRE_QUERY | Q=kyc requirements
[2026-06-14 06:29:49] SESSION=1b054f8e | EVENT=POST_ANSWER | STATUS=ANSWERED | POLICY=KYC Policy (KYC-002) | TIME=5ms | Q=kyc requirements
[2026-06-14 06:30:06] SESSION=1b054f8e | EVENT=PRE_QUERY | Q=how to open bank account
[2026-06-14 06:30:06] SESSION=1b054f8e | EVENT=POST_ANSWER | STATUS=ANSWERED | POLICY=Account Opening Policy (AOP-005) | TIME=7ms | Q=how to open bank account
[2026-06-14 06:30:29] SESSION=1b054f8e | EVENT=SESSION_END | Total queries this session: 2
[2026-06-14 06:30:34] SESSION=1b054f8e | EVENT=PRE_QUERY | Q=What is the interest rate for a home loan?
[2026-06-14 06:30:34] SESSION=1b054f8e | EVENT=POST_ANSWER | STATUS=ANSWERED | POLICY=Loan Policy (LP-001) | TIME=6ms | Q=What is the interest rate for a home loan?
[2026-06-19 12:05:26] SESSION=lt-0-0 | EVENT=SESSION_START | App loaded — knowledge base ready
[2026-06-19 12:05:26] SESSION=lt-0-0 | EVENT=PRE_QUERY | Q=What documents are needed for a loan?
[2026-06-19 12:05:26] SESSION=lt-0-1 | EVENT=SESSION_START | App loaded — knowledge base ready
[2026-06-19 12:05:26] SESSION=lt-0-2 | EVENT=SESSION_START | App loaded — knowledge base ready
[2026-06-19 12:05:26] SESSION=lt-0-1 | EVENT=PRE_QUERY | Q=What is the minimum credit score for a credit card?
[2026-06-19 12:05:26] SESSION=lt-0-2 | EVENT=PRE_QUERY | Q=How long does KYC verification take?
[2026-06-19 12:05:26] SESSION=lt-0-4 | EVENT=SESSION_START | App loaded — knowledge base ready
[2026-06-19 12:05:26] SESSION=lt-0-0 | EVENT=POST_ANSWER | STATUS=ANSWERED | POLICY=Loan Policy (LP-001) | TIME=4ms | Q=What documents are needed for a loan?
[2026-06-19 12:05:26] SESSION=lt-0-3 | EVENT=SESSION_START | App loaded — knowledge base ready
[2026-06-19 12:05:26] SESSION=lt-0-7 | EVENT=SESSION_START | App loaded — knowledge base ready
[2026-06-19 12:05:26] SESSION=lt-0-5 | EVENT=SESSION_START | App loaded — knowledge base ready
[2026-06-19 12:05:26] SESSION=lt-0-8 | EVENT=SESSION_START | App loaded — knowledge base ready
[2026-06-19 12:05:26] SESSION=lt-0-4 | EVENT=PRE_QUERY | Q=What is the minimum balance for a savings account?
[2026-06-19 12:05:26] SESSION=lt-0-3 | EVENT=PRE_QUERY | Q=How do I file a customer complaint?
[2026-06-19 12:05:26] SESSION=lt-0-1 | EVENT=POST_ANSWER | STATUS=ANSWERED | POLICY=Credit Card Policy (CCP-004) | TIME=3ms | Q=What is the minimum credit score for a credit card?
[2026-06-19 12:05:26] SESSION=lt-0-9 | EVENT=SESSION_START | App loaded — knowledge base ready
[2026-06-19 12:05:26] SESSION=lt-0-11 | EVENT=SESSION_START | App loaded — knowledge base ready
[2026-06-19 12:05:26] SESSION=lt-0-2 | EVENT=POST_ANSWER | STATUS=ANSWERED | POLICY=KYC Policy (KYC-002) | TIME=7ms | Q=How long does KYC verification take?
[2026-06-19 12:05:26] SESSION=lt-0-5 | EVENT=PRE_QUERY | Q=What is the interest rate for a home loan?
[2026-06-19 12:05:26] SESSION=lt-0-8 | EVENT=PRE_QUERY | Q=What are the credit card billing cycle details?
[2026-06-19 12:05:26] SESSION=lt-0-6 | EVENT=SESSION_START | App loaded — knowledge base ready
[2026-06-19 12:05:26] SESSION=lt-0-4 | EVENT=POST_ANSWER | STATUS=ANSWERED | POLICY=Account Opening Policy (AOP-005) | TIME=7ms | Q=What is the minimum balance for a savings account?
[2026-06-19 12:05:26] SESSION=lt-0-12 | EVENT=SESSION_START | App loaded — knowledge base ready
[2026-06-19 12:05:26] SESSION=lt-0-11 | EVENT=PRE_QUERY | Q=What are the loan and credit card eligibility requirements?
[2026-06-19 12:05:26] SESSION=lt-0-10 | EVENT=SESSION_START | App loaded — knowledge base ready
[2026-06-19 12:05:26] SESSION=lt-0-9 | EVENT=PRE_QUERY | Q=What happens if a credit card is lost or stolen?
[2026-06-19 12:05:26] SESSION=lt-0-7 | EVENT=PRE_QUERY | Q=How do I open a business account?
[2026-06-19 12:05:26] SESSION=lt-0-8 | EVENT=POST_ANSWER | STATUS=ANSWERED | POLICY=Credit Card Policy (CCP-004) | TIME=4ms | Q=What are the credit card billing cycle details?
[2026-06-19 12:05:26] SESSION=lt-0-6 | EVENT=PRE_QUERY | Q=What are the KYC document requirements?
[2026-06-19 12:05:26] SESSION=lt-0-3 | EVENT=POST_ANSWER | STATUS=ANSWERED | POLICY=Customer Complaint Policy (CCP-003) | TIME=3ms | Q=How do I file a customer complaint?
[2026-06-19 12:05:26] SESSION=lt-0-13 | EVENT=SESSION_START | App loaded — knowledge base ready
[2026-06-19 12:05:26] SESSION=lt-0-7 | EVENT=POST_ANSWER | STATUS=ANSWERED | POLICY=Account Opening Policy (AOP-005) | TIME=10ms | Q=How do I open a business account?
[2026-06-19 12:05:26] SESSION=lt-0-10 | EVENT=PRE_QUERY | Q=What documents do I need for both KYC and account opening?
[2026-06-19 12:05:26] SESSION=lt-0-9 | EVENT=POST_ANSWER | STATUS=ANSWERED | POLICY=Credit Card Policy (CCP-004) | TIME=7ms | Q=What happens if a credit card is lost or stolen?
[2026-06-19 12:05:26] SESSION=lt-0-13 | EVENT=PRE_QUERY | Q=Give me an overview of the KYC policy
[2026-06-19 12:05:26] SESSION=lt-0-5 | EVENT=POST_ANSWER | STATUS=ANSWERED | POLICY=Loan Policy (LP-001) | TIME=12ms | Q=What is the interest rate for a home loan?
[2026-06-19 12:05:26] SESSION=lt-0-15 | EVENT=SESSION_START | App loaded — knowledge base ready
[2026-06-19 12:05:26] SESSION=lt-0-14 | EVENT=SESSION_START | App loaded — knowledge base ready
[2026-06-19 12:05:26] SESSION=lt-0-16 | EVENT=SESSION_START | App loaded — knowledge base ready
[2026-06-19 12:05:26] SESSION=lt-0-12 | EVENT=PRE_QUERY | Q=Summarize the loan policy
[2026-06-19 12:05:26] SESSION=lt-0-18 | EVENT=SESSION_START | App loaded — knowledge base ready
[2026-06-19 12:05:26] SESSION=lt-0-11 | EVENT=POST_ANSWER | STATUS=ANSWERED | POLICY=Credit Card Policy (CCP-004) | TIME=6ms | Q=What are the loan and credit card eligibility requirements?
[2026-06-19 12:05:26] SESSION=lt-0-14 | EVENT=PRE_QUERY | Q=I need to speak to the compliance team urgently
[2026-06-19 12:05:26] SESSION=lt-0-16 | EVENT=PRE_QUERY | Q=What is the weather today?
[2026-06-19 12:05:26] SESSION=lt-0-17 | EVENT=SESSION_START | App loaded — knowledge base ready
[2026-06-19 12:05:26] SESSION=lt-0-15 | EVENT=PRE_QUERY | Q=How do I escalate a complaint to a manager?
[2026-06-19 12:05:26] SESSION=lt-0-18 | EVENT=PRE_QUERY | Q=How can I bypass KYC verification?
[2026-06-19 12:05:26] SESSION=lt-0-19 | EVENT=SESSION_START | App loaded — knowledge base ready
[2026-06-19 12:05:26] SESSION=lt-0-6 | EVENT=POST_ANSWER | STATUS=ANSWERED | POLICY=KYC Policy (KYC-002) | TIME=5ms | Q=What are the KYC document requirements?
[2026-06-19 12:05:26] SESSION=lt-0-14 | EVENT=POST_ANSWER | STATUS=ANSWERED | POLICY=None | TIME=2ms | Q=I need to speak to the compliance team urgently
[2026-06-19 12:05:26] SESSION=lt-0-17 | EVENT=PRE_QUERY | Q=How do I reset my Windows password?
[2026-06-19 12:05:26] SESSION=lt-1-0 | EVENT=SESSION_START | App loaded — knowledge base ready
[2026-06-19 12:05:26] SESSION=lt-0-12 | EVENT=POST_ANSWER | STATUS=ANSWERED | POLICY=Loan Policy (LP-001) | TIME=8ms | Q=Summarize the loan policy
[2026-06-19 12:05:26] SESSION=lt-0-13 | EVENT=POST_ANSWER | STATUS=ANSWERED | POLICY=KYC Policy (KYC-002) | TIME=5ms | Q=Give me an overview of the KYC policy
[2026-06-19 12:05:26] SESSION=lt-0-10 | EVENT=POST_ANSWER | STATUS=ANSWERED | POLICY=KYC Policy (KYC-002) | TIME=7ms | Q=What documents do I need for both KYC and account opening?
[2026-06-19 12:05:26] SESSION=lt-1-2 | EVENT=SESSION_START | App loaded — knowledge base ready
[2026-06-19 12:05:26] SESSION=lt-1-1 | EVENT=SESSION_START | App loaded — knowledge base ready
[2026-06-19 12:05:26] SESSION=lt-0-15 | EVENT=POST_ANSWER | STATUS=ANSWERED | POLICY=Customer Complaint Policy (CCP-003) | TIME=6ms | Q=How do I escalate a complaint to a manager?
[2026-06-19 12:05:26] SESSION=lt-0-18 | EVENT=COMPLIANCE_ALERT | RISK FLAGGED: How can I bypass KYC verification?
[2026-06-19 12:05:26] SESSION=lt-0-19 | EVENT=PRE_QUERY | Q=What happens if someone uses a fake document?
[2026-06-19 12:05:26] SESSION=lt-1-0 | EVENT=PRE_QUERY | Q=What documents are needed for a loan?
[2026-06-19 12:05:26] SESSION=lt-1-3 | EVENT=SESSION_START | App loaded — knowledge base ready
[2026-06-19 12:05:26] SESSION=lt-1-4 | EVENT=SESSION_START | App loaded — knowledge base ready
[2026-06-19 12:05:26] SESSION=lt-0-17 | EVENT=ESCALATION | Escalated: How do I reset my Windows password?
[2026-06-19 12:05:26] SESSION=lt-1-4 | EVENT=PRE_QUERY | Q=What is the minimum balance for a savings account?
[2026-06-19 12:05:26] SESSION=lt-0-18 | EVENT=POST_ANSWER | STATUS=ANSWERED | POLICY=KYC Policy (KYC-002) | TIME=6ms | Q=How can I bypass KYC verification?
[2026-06-19 12:05:26] SESSION=lt-1-5 | EVENT=SESSION_START | App loaded — knowledge base ready
[2026-06-19 12:05:26] SESSION=lt-1-2 | EVENT=PRE_QUERY | Q=How long does KYC verification take?
[2026-06-19 12:05:26] SESSION=lt-0-16 | EVENT=ESCALATION | Escalated: What is the weather today?
[2026-06-19 12:05:26] SESSION=lt-1-1 | EVENT=PRE_QUERY | Q=What is the minimum credit score for a credit card?
[2026-06-19 12:05:26] SESSION=lt-1-6 | EVENT=SESSION_START | App loaded — knowledge base ready
[2026-06-19 12:05:26] SESSION=lt-0-19 | EVENT=COMPLIANCE_ALERT | RISK FLAGGED: What happens if someone uses a fake document?
[2026-06-19 12:05:26] SESSION=lt-1-3 | EVENT=PRE_QUERY | Q=How do I file a customer complaint?
[2026-06-19 12:05:26] SESSION=lt-1-5 | EVENT=PRE_QUERY | Q=What is the interest rate for a home loan?
[2026-06-19 12:05:26] SESSION=lt-1-0 | EVENT=POST_ANSWER | STATUS=ANSWERED | POLICY=Loan Policy (LP-001) | TIME=6ms | Q=What documents are needed for a loan?
[2026-06-19 12:05:26] SESSION=lt-1-4 | EVENT=POST_ANSWER | STATUS=ANSWERED | POLICY=Account Opening Policy (AOP-005) | TIME=3ms | Q=What is the minimum balance for a savings account?
[2026-06-19 12:05:26] SESSION=lt-1-1 | EVENT=POST_ANSWER | STATUS=ANSWERED | POLICY=Credit Card Policy (CCP-004) | TIME=5ms | Q=What is the minimum credit score for a credit card?
[2026-06-19 12:05:26] SESSION=lt-0-16 | EVENT=POST_ANSWER | STATUS=FALLBACK | POLICY=None | TIME=16ms | Q=What is the weather today?
[2026-06-19 12:05:26] SESSION=lt-1-7 | EVENT=SESSION_START | App loaded — knowledge base ready
[2026-06-19 12:05:26] SESSION=lt-1-6 | EVENT=PRE_QUERY | Q=What are the KYC document requirements?
[2026-06-19 12:05:26] SESSION=lt-1-8 | EVENT=SESSION_START | App loaded — knowledge base ready
[2026-06-19 12:05:26] SESSION=lt-1-7 | EVENT=PRE_QUERY | Q=How do I open a business account?
[2026-06-19 12:05:26] SESSION=lt-0-17 | EVENT=POST_ANSWER | STATUS=FALLBACK | POLICY=None | TIME=14ms | Q=How do I reset my Windows password?
[2026-06-19 12:05:26] SESSION=lt-1-2 | EVENT=POST_ANSWER | STATUS=ANSWERED | POLICY=KYC Policy (KYC-002) | TIME=7ms | Q=How long does KYC verification take?
[2026-06-19 12:05:26] SESSION=lt-1-10 | EVENT=SESSION_START | App loaded — knowledge base ready
[2026-06-19 12:05:26] SESSION=lt-1-5 | EVENT=POST_ANSWER | STATUS=ANSWERED | POLICY=Loan Policy (LP-001) | TIME=7ms | Q=What is the interest rate for a home loan?
[2026-06-19 12:05:26] SESSION=lt-0-19 | EVENT=POST_ANSWER | STATUS=ANSWERED | POLICY=KYC Policy (KYC-002) | TIME=12ms | Q=What happens if someone uses a fake document?
[2026-06-19 12:05:26] SESSION=lt-1-10 | EVENT=PRE_QUERY | Q=What documents do I need for both KYC and account opening?
[2026-06-19 12:05:26] SESSION=lt-1-13 | EVENT=SESSION_START | App loaded — knowledge base ready
[2026-06-19 12:05:26] SESSION=lt-1-9 | EVENT=SESSION_START | App loaded — knowledge base ready
[2026-06-19 12:05:26] SESSION=lt-1-8 | EVENT=PRE_QUERY | Q=What are the credit card billing cycle details?
[2026-06-19 12:05:26] SESSION=lt-1-3 | EVENT=POST_ANSWER | STATUS=ANSWERED | POLICY=Customer Complaint Policy (CCP-003) | TIME=11ms | Q=How do I file a customer complaint?
[2026-06-19 12:05:26] SESSION=lt-1-6 | EVENT=POST_ANSWER | STATUS=ANSWERED | POLICY=KYC Policy (KYC-002) | TIME=3ms | Q=What are the KYC document requirements?
[2026-06-19 12:05:26] SESSION=lt-1-13 | EVENT=PRE_QUERY | Q=Give me an overview of the KYC policy
[2026-06-19 12:05:26] SESSION=lt-1-12 | EVENT=SESSION_START | App loaded — knowledge base ready
[2026-06-19 12:05:26] SESSION=lt-1-14 | EVENT=SESSION_START | App loaded — knowledge base ready
[2026-06-19 12:05:26] SESSION=lt-1-16 | EVENT=SESSION_START | App loaded — knowledge base ready
[2026-06-19 12:05:26] SESSION=lt-1-14 | EVENT=PRE_QUERY | Q=I need to speak to the compliance team urgently
[2026-06-19 12:05:26] SESSION=lt-1-10 | EVENT=POST_ANSWER | STATUS=ANSWERED | POLICY=KYC Policy (KYC-002) | TIME=3ms | Q=What documents do I need for both KYC and account opening?
[2026-06-19 12:05:26] SESSION=lt-1-11 | EVENT=SESSION_START | App loaded — knowledge base ready
[2026-06-19 12:05:26] SESSION=lt-1-9 | EVENT=PRE_QUERY | Q=What happens if a credit card is lost or stolen?
[2026-06-19 12:05:26] SESSION=lt-1-7 | EVENT=POST_ANSWER | STATUS=ANSWERED | POLICY=Account Opening Policy (AOP-005) | TIME=7ms | Q=How do I open a business account?
[2026-06-19 12:05:26] SESSION=lt-1-15 | EVENT=SESSION_START | App loaded — knowledge base ready
[2026-06-19 12:05:26] SESSION=lt-1-13 | EVENT=POST_ANSWER | STATUS=ANSWERED | POLICY=KYC Policy (KYC-002) | TIME=5ms | Q=Give me an overview of the KYC policy
[2026-06-19 12:05:26] SESSION=lt-1-8 | EVENT=POST_ANSWER | STATUS=ANSWERED | POLICY=Credit Card Policy (CCP-004) | TIME=8ms | Q=What are the credit card billing cycle details?
[2026-06-19 12:05:26] SESSION=lt-1-12 | EVENT=PRE_QUERY | Q=Summarize the loan policy
[2026-06-19 12:05:26] SESSION=lt-1-18 | EVENT=SESSION_START | App loaded — knowledge base ready
[2026-06-19 12:05:26] SESSION=lt-1-16 | EVENT=PRE_QUERY | Q=What is the weather today?
[2026-06-19 12:05:26] SESSION=lt-1-19 | EVENT=SESSION_START | App loaded — knowledge base ready
[2026-06-19 12:05:26] SESSION=lt-1-15 | EVENT=PRE_QUERY | Q=How do I escalate a complaint to a manager?
[2026-06-19 12:05:26] SESSION=lt-1-11 | EVENT=PRE_QUERY | Q=What are the loan and credit card eligibility requirements?
[2026-06-19 12:05:26] SESSION=lt-1-17 | EVENT=SESSION_START | App loaded — knowledge base ready
[2026-06-19 12:05:26] SESSION=lt-2-0 | EVENT=SESSION_START | App loaded — knowledge base ready
[2026-06-19 12:05:26] SESSION=lt-1-19 | EVENT=PRE_QUERY | Q=What happens if someone uses a fake document?
[2026-06-19 12:05:26] SESSION=lt-1-9 | EVENT=POST_ANSWER | STATUS=ANSWERED | POLICY=Credit Card Policy (CCP-004) | TIME=5ms | Q=What happens if a credit card is lost or stolen?
[2026-06-19 12:05:26] SESSION=lt-1-14 | EVENT=POST_ANSWER | STATUS=ANSWERED | POLICY=None | TIME=5ms | Q=I need to speak to the compliance team urgently
[2026-06-19 12:05:26] SESSION=lt-1-18 | EVENT=PRE_QUERY | Q=How can I bypass KYC verification?
[2026-06-19 12:05:26] SESSION=lt-2-1 | EVENT=SESSION_START | App loaded — knowledge base ready
[2026-06-19 12:05:26] SESSION=lt-1-17 | EVENT=PRE_QUERY | Q=How do I reset my Windows password?
[2026-06-19 12:05:26] SESSION=lt-2-2 | EVENT=SESSION_START | App loaded — knowledge base ready
[2026-06-19 12:05:26] SESSION=lt-2-0 | EVENT=PRE_QUERY | Q=What documents are needed for a loan?
[2026-06-19 12:05:26] SESSION=lt-1-16 | EVENT=ESCALATION | Escalated: What is the weather today?
[2026-06-19 12:05:26] SESSION=lt-1-12 | EVENT=POST_ANSWER | STATUS=ANSWERED | POLICY=Loan Policy (LP-001) | TIME=8ms | Q=Summarize the loan policy
[2026-06-19 12:05:26] SESSION=lt-2-2 | EVENT=PRE_QUERY | Q=How long does KYC verification take?
[2026-06-19 12:05:26] SESSION=lt-2-1 | EVENT=PRE_QUERY | Q=What is the minimum credit score for a credit card?
[2026-06-19 12:05:26] SESSION=lt-1-17 | EVENT=ESCALATION | Escalated: How do I reset my Windows password?
[2026-06-19 12:05:26] SESSION=lt-2-3 | EVENT=SESSION_START | App loaded — knowledge base ready
[2026-06-19 12:05:26] SESSION=lt-1-15 | EVENT=POST_ANSWER | STATUS=ANSWERED | POLICY=Customer Complaint Policy (CCP-003) | TIME=6ms | Q=How do I escalate a complaint to a manager?
[2026-06-19 12:05:26] SESSION=lt-1-11 | EVENT=POST_ANSWER | STATUS=ANSWERED | POLICY=Credit Card Policy (CCP-004) | TIME=9ms | Q=What are the loan and credit card eligibility requirements?
[2026-06-19 12:05:26] SESSION=lt-1-18 | EVENT=COMPLIANCE_ALERT | RISK FLAGGED: How can I bypass KYC verification?
[2026-06-19 12:05:26] SESSION=lt-1-18 | EVENT=POST_ANSWER | STATUS=ANSWERED | POLICY=KYC Policy (KYC-002) | TIME=11ms | Q=How can I bypass KYC verification?
[2026-06-19 12:05:26] SESSION=lt-2-3 | EVENT=PRE_QUERY | Q=How do I file a customer complaint?
[2026-06-19 12:05:26] SESSION=lt-2-0 | EVENT=POST_ANSWER | STATUS=ANSWERED | POLICY=Loan Policy (LP-001) | TIME=6ms | Q=What documents are needed for a loan?
[2026-06-19 12:05:26] SESSION=lt-2-4 | EVENT=SESSION_START | App loaded — knowledge base ready
[2026-06-19 12:05:26] SESSION=lt-2-1 | EVENT=POST_ANSWER | STATUS=ANSWERED | POLICY=Credit Card Policy (CCP-004) | TIME=6ms | Q=What is the minimum credit score for a credit card?
[2026-06-19 12:05:26] SESSION=lt-1-19 | EVENT=COMPLIANCE_ALERT | RISK FLAGGED: What happens if someone uses a fake document?
[2026-06-19 12:05:26] SESSION=lt-2-2 | EVENT=POST_ANSWER | STATUS=ANSWERED | POLICY=KYC Policy (KYC-002) | TIME=4ms | Q=How long does KYC verification take?
[2026-06-19 12:05:26] SESSION=lt-1-19 | EVENT=POST_ANSWER | STATUS=ANSWERED | POLICY=KYC Policy (KYC-002) | TIME=12ms | Q=What happens if someone uses a fake document?
[2026-06-19 12:05:26] SESSION=lt-2-5 | EVENT=SESSION_START | App loaded — knowledge base ready
[2026-06-19 12:05:26] SESSION=lt-2-9 | EVENT=SESSION_START | App loaded — knowledge base ready
[2026-06-19 12:05:26] SESSION=lt-2-3 | EVENT=POST_ANSWER | STATUS=ANSWERED | POLICY=Customer Complaint Policy (CCP-003) | TIME=4ms | Q=How do I file a customer complaint?
[2026-06-19 12:05:26] SESSION=lt-2-8 | EVENT=SESSION_START | App loaded — knowledge base ready
[2026-06-19 12:05:26] SESSION=lt-1-17 | EVENT=POST_ANSWER | STATUS=FALLBACK | POLICY=None | TIME=13ms | Q=How do I reset my Windows password?
[2026-06-19 12:05:26] SESSION=lt-2-7 | EVENT=SESSION_START | App loaded — knowledge base ready
[2026-06-19 12:05:26] SESSION=lt-2-6 | EVENT=SESSION_START | App loaded — knowledge base ready
[2026-06-19 12:05:26] SESSION=lt-2-11 | EVENT=SESSION_START | App loaded — knowledge base ready
[2026-06-19 12:05:26] SESSION=lt-2-6 | EVENT=PRE_QUERY | Q=What are the KYC document requirements?
[2026-06-19 12:05:26] SESSION=lt-2-5 | EVENT=PRE_QUERY | Q=What is the interest rate for a home loan?
[2026-06-19 12:05:26] SESSION=lt-2-9 | EVENT=PRE_QUERY | Q=What happens if a credit card is lost or stolen?
[2026-06-19 12:05:26] SESSION=lt-2-8 | EVENT=PRE_QUERY | Q=What are the credit card billing cycle details?
[2026-06-19 12:05:26] SESSION=lt-2-11 | EVENT=PRE_QUERY | Q=What are the loan and credit card eligibility requirements?
[2026-06-19 12:05:26] SESSION=lt-2-10 | EVENT=SESSION_START | App loaded — knowledge base ready
[2026-06-19 12:05:26] SESSION=lt-1-16 | EVENT=POST_ANSWER | STATUS=FALLBACK | POLICY=None | TIME=18ms | Q=What is the weather today?
[2026-06-19 12:05:26] SESSION=lt-2-4 | EVENT=PRE_QUERY | Q=What is the minimum balance for a savings account?
[2026-06-19 12:05:26] SESSION=lt-2-11 | EVENT=POST_ANSWER | STATUS=ANSWERED | POLICY=Credit Card Policy (CCP-004) | TIME=3ms | Q=What are the loan and credit card eligibility requirements?
[2026-06-19 12:05:26] SESSION=lt-2-12 | EVENT=SESSION_START | App loaded — knowledge base ready
[2026-06-19 12:05:26] SESSION=lt-2-7 | EVENT=PRE_QUERY | Q=How do I open a business account?
[2026-06-19 12:05:26] SESSION=lt-2-8 | EVENT=POST_ANSWER | STATUS=ANSWERED | POLICY=Credit Card Policy (CCP-004) | TIME=6ms | Q=What are the credit card billing cycle details?
[2026-06-19 12:05:26] SESSION=lt-2-9 | EVENT=POST_ANSWER | STATUS=ANSWERED | POLICY=Credit Card Policy (CCP-004) | TIME=6ms | Q=What happens if a credit card is lost or stolen?
[2026-06-19 12:05:26] SESSION=lt-2-5 | EVENT=POST_ANSWER | STATUS=ANSWERED | POLICY=Loan Policy (LP-001) | TIME=8ms | Q=What is the interest rate for a home loan?
[2026-06-19 12:05:26] SESSION=lt-2-10 | EVENT=PRE_QUERY | Q=What documents do I need for both KYC and account opening?
[2026-06-19 12:05:26] SESSION=lt-2-13 | EVENT=SESSION_START | App loaded — knowledge base ready
[2026-06-19 12:05:26] SESSION=lt-2-7 | EVENT=POST_ANSWER | STATUS=ANSWERED | POLICY=Account Opening Policy (AOP-005) | TIME=7ms | Q=How do I open a business account?
[2026-06-19 12:05:26] SESSION=lt-2-4 | EVENT=POST_ANSWER | STATUS=ANSWERED | POLICY=Account Opening Policy (AOP-005) | TIME=11ms | Q=What is the minimum balance for a savings account?
[2026-06-19 12:05:26] SESSION=lt-2-14 | EVENT=SESSION_START | App loaded — knowledge base ready
[2026-06-19 12:05:26] SESSION=lt-2-15 | EVENT=SESSION_START | App loaded — knowledge base ready
[2026-06-19 12:05:26] SESSION=lt-2-15 | EVENT=PRE_QUERY | Q=How do I escalate a complaint to a manager?
[2026-06-19 12:05:26] SESSION=lt-2-16 | EVENT=SESSION_START | App loaded — knowledge base ready
[2026-06-19 12:05:26] SESSION=lt-2-13 | EVENT=PRE_QUERY | Q=Give me an overview of the KYC policy
[2026-06-19 12:05:26] SESSION=lt-2-6 | EVENT=POST_ANSWER | STATUS=ANSWERED | POLICY=KYC Policy (KYC-002) | TIME=8ms | Q=What are the KYC document requirements?
[2026-06-19 12:05:26] SESSION=lt-2-14 | EVENT=PRE_QUERY | Q=I need to speak to the compliance team urgently
[2026-06-19 12:05:26] SESSION=lt-2-12 | EVENT=PRE_QUERY | Q=Summarize the loan policy
[2026-06-19 12:05:26] SESSION=lt-2-17 | EVENT=SESSION_START | App loaded — knowledge base ready
[2026-06-19 12:05:26] SESSION=lt-2-18 | EVENT=SESSION_START | App loaded — knowledge base ready
[2026-06-19 12:05:26] SESSION=lt-2-17 | EVENT=PRE_QUERY | Q=How do I reset my Windows password?
[2026-06-19 12:05:26] SESSION=lt-2-19 | EVENT=SESSION_START | App loaded — knowledge base ready
[2026-06-19 12:05:26] SESSION=lt-2-10 | EVENT=POST_ANSWER | STATUS=ANSWERED | POLICY=KYC Policy (KYC-002) | TIME=9ms | Q=What documents do I need for both KYC and account opening?
[2026-06-19 12:05:26] SESSION=lt-2-16 | EVENT=PRE_QUERY | Q=What is the weather today?
[2026-06-19 12:05:26] SESSION=lt-2-18 | EVENT=PRE_QUERY | Q=How can I bypass KYC verification?
[2026-06-19 12:05:26] SESSION=lt-2-13 | EVENT=POST_ANSWER | STATUS=ANSWERED | POLICY=KYC Policy (KYC-002) | TIME=4ms | Q=Give me an overview of the KYC policy
[2026-06-19 12:05:26] SESSION=lt-2-16 | EVENT=ESCALATION | Escalated: What is the weather today?
[2026-06-19 12:05:26] SESSION=lt-2-12 | EVENT=POST_ANSWER | STATUS=ANSWERED | POLICY=Loan Policy (LP-001) | TIME=7ms | Q=Summarize the loan policy
[2026-06-19 12:05:26] SESSION=lt-2-14 | EVENT=POST_ANSWER | STATUS=ANSWERED | POLICY=None | TIME=4ms | Q=I need to speak to the compliance team urgently
[2026-06-19 12:05:26] SESSION=lt-2-19 | EVENT=PRE_QUERY | Q=What happens if someone uses a fake document?
[2026-06-19 12:05:26] SESSION=lt-2-15 | EVENT=POST_ANSWER | STATUS=ANSWERED | POLICY=Customer Complaint Policy (CCP-003) | TIME=5ms | Q=How do I escalate a complaint to a manager?
[2026-06-19 12:05:26] SESSION=lt-2-19 | EVENT=COMPLIANCE_ALERT | RISK FLAGGED: What happens if someone uses a fake document?
[2026-06-19 12:05:26] SESSION=lt-2-19 | EVENT=POST_ANSWER | STATUS=ANSWERED | POLICY=KYC Policy (KYC-002) | TIME=4ms | Q=What happens if someone uses a fake document?
[2026-06-19 12:05:26] SESSION=lt-2-17 | EVENT=ESCALATION | Escalated: How do I reset my Windows password?
[2026-06-19 12:05:26] SESSION=lt-2-18 | EVENT=COMPLIANCE_ALERT | RISK FLAGGED: How can I bypass KYC verification?
[2026-06-19 12:05:26] SESSION=lt-2-18 | EVENT=POST_ANSWER | STATUS=ANSWERED | POLICY=KYC Policy (KYC-002) | TIME=5ms | Q=How can I bypass KYC verification?
[2026-06-19 12:05:26] SESSION=lt-2-16 | EVENT=POST_ANSWER | STATUS=FALLBACK | POLICY=None | TIME=6ms | Q=What is the weather today?
[2026-06-19 12:05:26] SESSION=lt-2-17 | EVENT=POST_ANSWER | STATUS=FALLBACK | POLICY=None | TIME=6ms | Q=How do I reset my Windows password?
